Loading required package: ggplot2
Loading required package: dplyr

Attaching package: 'dplyr'

The following objects are masked from 'package:stats':

    filter, lag

The following objects are masked from 'package:base':

    intersect, setdiff, setequal, union

Loading required package: dtplyr
Loading required package: data.table

Attaching package: 'data.table'

The following objects are masked from 'package:dplyr':

    between, first, last

Loading required package: patchwork
Loading required package: pkgmaker
Loading required package: registry
Loading required package: rngtools
Loading required package: cluster
NMF - BioConductor layer [OK] | Shared memory capabilities [NO: bigmemory] | Cores 7/8
  To enable shared memory capabilities, try: install.extras('
NMF
')

Attaching package: 'NMF'

The following object is masked from 'package:immunarch':

    entropy

Loading required package: car
Loading required package: carData

Attaching package: 'car'

The following object is masked from 'package:dplyr':

    recode

Loading required package: sandwich
Registered S3 methods overwritten by 'proxy':
  method               from    
  print.registry_field registry
  print.registry_entry registry
Loading required package: viridisLite
